[debug] [2022-04-12T08:35:22.764Z] ----------------------------------------------------------------------
[debug] [2022-04-12T08:35:22.766Z] Command:       C:\Program Files\nodejs\node.exe C:\Users\DELL\AppData\Roaming\npm\node_modules\firebase-tools\lib\bin\firebase.js init
[debug] [2022-04-12T08:35:22.767Z] CLI Version:   10.6.0
[debug] [2022-04-12T08:35:22.767Z] Platform:      win32
[debug] [2022-04-12T08:35:22.767Z] Node Version:  v16.13.0
[debug] [2022-04-12T08:35:22.768Z] Time:          Tue Apr 12 2022 14:35:22 GMT+0600 (Bangladesh Standard Time)
[debug] [2022-04-12T08:35:22.769Z] ----------------------------------------------------------------------
[debug] 
[debug] [2022-04-12T08:35:22.863Z] > command requires scopes: ["email","openid","https://www.googleapis.com/auth/cloudplatformprojects.readonly","https://www.googleapis.com/auth/firebase","https://www.googleapis.com/auth/cloud-platform"]
[debug] [2022-04-12T08:35:22.863Z] > authorizing via signed-in user (alauddinemon3@gmail.com)
[info] 
     ######## #### ########  ######## ########     ###     ######  ########
     ##        ##  ##     ## ##       ##     ##  ##   ##  ##       ##
     ######    ##  ########  ######   ########  #########  ######  ######
     ##        ##  ##    ##  ##       ##     ## ##     ##       ## ##
     ##       #### ##     ## ######## ########  ##     ##  ######  ########

You're about to initialize a Firebase project in this directory:

  C:\react-projects\ema-john-simple-with-auth-module-59

Before we get started, keep in mind:

  * You are currently outside your home directory
  * You are initializing within an existing Firebase project directory

[info] 
=== Project Setup
[info] 
[info] First, let's associate this project directory with a Firebase project.
[info] You can create multiple project aliases by running firebase use --add, 
[info] but for now we'll just set up a default project.
[info] 
[debug] [2022-04-12T08:35:42.423Z] Using project from CLI flag: ema-john-simple-85c01
[debug] [2022-04-12T08:35:42.428Z] >>> [apiv2][query] GET https://firebase.googleapis.com/v1beta1/projects/ema-john-simple-85c01 [none]
[debug] [2022-04-12T08:35:43.169Z] <<< [apiv2][status] GET https://firebase.googleapis.com/v1beta1/projects/ema-john-simple-85c01 403
[debug] [2022-04-12T08:35:43.169Z] <<< [apiv2][body] GET https://firebase.googleapis.com/v1beta1/projects/ema-john-simple-85c01 {"error":{"code":403,"message":"The caller does not have permission","status":"PERMISSION_DENIED"}}
[debug] [2022-04-12T08:35:43.170Z] HTTP Error: 403, The caller does not have permission
[debug] [2022-04-12T08:35:43.419Z] FirebaseError: HTTP Error: 403, The caller does not have permission
    at module.exports (C:\Users\DELL\AppData\Roaming\npm\node_modules\firebase-tools\lib\responseToError.js:47:12)
    at RetryOperation._fn (C:\Users\DELL\AppData\Roaming\npm\node_modules\firebase-tools\lib\apiv2.js:286:39)
    at processTicksAndRejections (node:internal/process/task_queues:96:5)
[error] 
[error] Error: Failed to get Firebase project ema-john-simple-85c01. Please make sure the project exists and your account has permission to access it.
[debug] [2022-04-12T08:36:09.390Z] ----------------------------------------------------------------------
[debug] [2022-04-12T08:36:09.392Z] Command:       C:\Program Files\nodejs\node.exe C:\Users\DELL\AppData\Roaming\npm\node_modules\firebase-tools\lib\bin\firebase.js init
[debug] [2022-04-12T08:36:09.393Z] CLI Version:   10.6.0
[debug] [2022-04-12T08:36:09.393Z] Platform:      win32
[debug] [2022-04-12T08:36:09.393Z] Node Version:  v16.13.0
[debug] [2022-04-12T08:36:09.394Z] Time:          Tue Apr 12 2022 14:36:09 GMT+0600 (Bangladesh Standard Time)
[debug] [2022-04-12T08:36:09.394Z] ----------------------------------------------------------------------
[debug] 
[debug] [2022-04-12T08:36:09.454Z] > command requires scopes: ["email","openid","https://www.googleapis.com/auth/cloudplatformprojects.readonly","https://www.googleapis.com/auth/firebase","https://www.googleapis.com/auth/cloud-platform"]
[debug] [2022-04-12T08:36:09.455Z] > authorizing via signed-in user (alauddinemon3@gmail.com)
[info] 
     ######## #### ########  ######## ########     ###     ######  ########
     ##        ##  ##     ## ##       ##     ##  ##   ##  ##       ##
     ######    ##  ########  ######   ########  #########  ######  ######
     ##        ##  ##    ##  ##       ##     ## ##     ##       ## ##
     ##       #### ##     ## ######## ########  ##     ##  ######  ########

You're about to initialize a Firebase project in this directory:

  C:\react-projects\ema-john-simple-with-auth-module-59

Before we get started, keep in mind:

  * You are currently outside your home directory
  * You are initializing within an existing Firebase project directory

[info] 
=== Project Setup
[info] 
[info] First, let's associate this project directory with a Firebase project.
[info] You can create multiple project aliases by running firebase use --add, 
[info] but for now we'll just set up a default project.
[info] 
[debug] [2022-04-12T08:36:18.148Z] Using project from CLI flag: ema-john-simple-85c01
[debug] [2022-04-12T08:36:18.151Z] >>> [apiv2][query] GET https://firebase.googleapis.com/v1beta1/projects/ema-john-simple-85c01 [none]
[debug] [2022-04-12T08:36:18.769Z] <<< [apiv2][status] GET https://firebase.googleapis.com/v1beta1/projects/ema-john-simple-85c01 403
[debug] [2022-04-12T08:36:18.770Z] <<< [apiv2][body] GET https://firebase.googleapis.com/v1beta1/projects/ema-john-simple-85c01 {"error":{"code":403,"message":"The caller does not have permission","status":"PERMISSION_DENIED"}}
[debug] [2022-04-12T08:36:18.771Z] HTTP Error: 403, The caller does not have permission
[debug] [2022-04-12T08:36:19.088Z] FirebaseError: HTTP Error: 403, The caller does not have permission
    at module.exports (C:\Users\DELL\AppData\Roaming\npm\node_modules\firebase-tools\lib\responseToError.js:47:12)
    at RetryOperation._fn (C:\Users\DELL\AppData\Roaming\npm\node_modules\firebase-tools\lib\apiv2.js:286:39)
    at processTicksAndRejections (node:internal/process/task_queues:96:5)
[error] 
[error] Error: Failed to get Firebase project ema-john-simple-85c01. Please make sure the project exists and your account has permission to access it.
